<?xml version="1.0" encoding="UTF-8"?>
<!-- Generated by org.testng.reporters.JUnitXMLReporter -->
<testsuite ignored="0" hostname="LAPTOP-RQ3ELLLN" failures="1" tests="2" name="Scenarios" time="112.005" errors="0" timestamp="2024-01-14T11:56:46 IST">
  <testcase classname="testsuite.DriverScript" name="feature" time="21.392">
    <failure type="cucumber.runtime.CucumberException" message="java.lang.AssertionError: expected [true] but found [false]">
      <![CDATA[cucumber.runtime.CucumberException: java.lang.AssertionError: expected [true] but found [false]
at cucumber.api.testng.TestNGCucumberRunner.runCucumber(TestNGCucumberRunner.java:69)
at testsuite.DriverScript.feature(DriverScript.java:32)
at java.base/java.util.ArrayList.forEach(ArrayList.java:1541)
Caused by: java.lang.AssertionError: expected [true] but found [false]
at stepdefinitions.ActiTimeStepDefinition.the_Home_page_should_display(ActiTimeStepDefinition.java:118)
at âœ½.Then the Home page should display(loginlogout.feature:16)
... Removed 35 stack frames]]>
    </failure>
  </testcase> <!-- feature -->
  <testcase classname="testsuite.DriverScript" name="feature" time="87.903"/>
</testsuite> <!-- Scenarios -->
